<?xml version="1.0" encoding="UTF-8"?>
<!-- Generated by org.testng.reporters.JUnitReportReporter -->
<testsuite hostname="vinod" failures="0" tests="2" name="TestNG.Scenario1" time="0.031" errors="0" timestamp="2024-02-14T14:18:41 IST" skipped="0">
  <testcase classname="TestNG.Scenario1" name="search" time="0.015"/>
  <system-out/>
  <testcase classname="TestNG.Scenario1" name="addproduct" time="0.016"/>
  <system-out/>
</testsuite> <!-- TestNG.Scenario1 -->
