<?xml version="1.0" encoding="UTF-8"?>
<!-- Generated by org.testng.reporters.JUnitReportReporter -->
<testsuite hostname="vinod" failures="0" tests="1" name="TestNG.Task_Amazon" time="7.917" errors="0" timestamp="2024-02-16T10:42:31 IST" skipped="0">
  <testcase classname="TestNG.Task_Amazon" name="launch" time="7.917"/>
  <system-out/>
</testsuite> <!-- TestNG.Task_Amazon -->
