<?xml version="1.0" encoding="UTF-8"?>
<!-- Generated by org.testng.reporters.JUnitReportReporter -->
<testsuite hostname="vinod" failures="0" tests="16" name="TestNG.Parlell_Test_Task" time="15.946" errors="0" timestamp="2024-02-22T10:53:05 IST" skipped="0">
  <testcase classname="TestNG.Parlell_Test_Task" name="launch" time="5.676"/>
  <system-out/>
  <testcase classname="TestNG.Parlell_Test_Task" name="launch" time="3.838"/>
  <system-out/>
  <testcase classname="TestNG.Parlell_Test_Task" name="login" time="0.730"/>
  <system-out/>
  <testcase classname="TestNG.Parlell_Test_Task" name="login" time="1.044"/>
  <system-out/>
  <testcase classname="TestNG.Parlell_Test_Task" name="selectPriceLowToHigh" time="1.128"/>
  <system-out/>
  <testcase classname="TestNG.Parlell_Test_Task" name="selectPriceLowToHigh" time="0.465"/>
  <system-out/>
  <testcase classname="TestNG.Parlell_Test_Task" name="addProductToCart" time="0.164"/>
  <system-out/>
  <testcase classname="TestNG.Parlell_Test_Task" name="addProductToCart" time="0.127"/>
  <system-out/>
  <testcase classname="TestNG.Parlell_Test_Task" name="goToShoppingCart" time="0.329"/>
  <system-out/>
  <testcase classname="TestNG.Parlell_Test_Task" name="goToShoppingCart" time="0.141"/>
  <system-out/>
  <testcase classname="TestNG.Parlell_Test_Task" name="continueCheckout" time="0.264"/>
  <system-out/>
  <testcase classname="TestNG.Parlell_Test_Task" name="continueCheckout" time="0.166"/>
  <system-out/>
  <testcase classname="TestNG.Parlell_Test_Task" name="enterInformationAndContinue" time="0.776"/>
  <system-out/>
  <testcase classname="TestNG.Parlell_Test_Task" name="enterInformationAndContinue" time="0.829"/>
  <system-out/>
  <testcase classname="TestNG.Parlell_Test_Task" name="clickOnFinish" time="0.139"/>
  <system-out/>
  <testcase classname="TestNG.Parlell_Test_Task" name="clickOnFinish" time="0.130"/>
  <system-out/>
</testsuite> <!-- TestNG.Parlell_Test_Task -->
