<?xml version="1.0" encoding="UTF-8"?>
<!-- Generated by org.testng.reporters.JUnitReportReporter -->
<testsuite hostname="vinod" failures="0" tests="1" name="TestNG.Grouping_Practice" time="44.219" errors="0" timestamp="2024-02-19T13:04:09 IST" skipped="0">
  <testcase classname="TestNG.Grouping_Practice" name="amazon" time="44.219"/>
  <system-out/>
</testsuite> <!-- TestNG.Grouping_Practice -->
