<?xml version="1.0" encoding="UTF-8"?>
<!-- Generated by org.testng.reporters.JUnitReportReporter -->
<testsuite hostname="vinod" failures="0" tests="2" name="TestNG.Scenario4" time="0.021" errors="0" timestamp="2024-02-15T14:19:27 IST" skipped="0">
  <testcase classname="TestNG.Scenario4" name="test1" time="0.016"/>
  <system-out/>
  <testcase classname="TestNG.Scenario4" name="test2" time="0.005"/>
  <system-out/>
</testsuite> <!-- TestNG.Scenario4 -->
