<?xml version="1.0" encoding="UTF-8"?>
<!-- Generated by org.testng.reporters.JUnitReportReporter -->
<testsuite hostname="vinod" failures="0" tests="2" name="TestNG.Class2" time="0.017" errors="0" timestamp="2024-02-15T14:27:13 IST" skipped="0">
  <testcase classname="TestNG.Class2" name="search" time="0.014"/>
  <system-out/>
  <testcase classname="TestNG.Class2" name="addproduct" time="0.003"/>
  <system-out/>
</testsuite> <!-- TestNG.Class2 -->
