<?xml version="1.0" encoding="UTF-8"?>
<!-- Generated by org.testng.reporters.JUnitReportReporter -->
<testsuite hostname="vinod" failures="0" tests="1" name="TestNG.Read_Excel" time="2.427" errors="0" timestamp="2024-02-27T11:03:26 IST" skipped="0">
  <testcase classname="TestNG.Read_Excel" name="excelread" time="2.427"/>
  <system-out/>
</testsuite> <!-- TestNG.Read_Excel -->
