<?xml version="1.0" encoding="UTF-8"?>
<!-- Generated by org.testng.reporters.JUnitReportReporter -->
<testsuite hostname="vinod" failures="0" tests="1" name="TestNG.Assert_NopCommerse" time="13.346" errors="0" timestamp="2024-02-15T16:32:45 IST" skipped="0">
  <testcase classname="TestNG.Assert_NopCommerse" name="login" time="13.346"/>
  <system-out/>
</testsuite> <!-- TestNG.Assert_NopCommerse -->
