<?xml version="1.0" encoding="UTF-8"?>
<!-- Generated by org.testng.reporters.JUnitReportReporter -->
<testsuite hostname="vinod" failures="0" tests="4" name="TestNG.Test1" time="16.115" errors="0" timestamp="2024-02-14T14:42:33 IST" skipped="0">
  <testcase classname="TestNG.Test1" name="openApp" time="11.526"/>
  <system-out/>
  <testcase classname="TestNG.Test1" name="logIn" time="3.335"/>
  <system-out/>
  <testcase classname="TestNG.Test1" name="logOut" time="1.090"/>
  <system-out/>
  <testcase classname="TestNG.Test1" name="close" time="0.164"/>
  <system-out/>
</testsuite> <!-- TestNG.Test1 -->
