<?xml version="1.0" encoding="UTF-8"?>
<!-- Generated by org.testng.reporters.JUnitReportReporter -->
<testsuite hostname="vinod" failures="0" tests="2" name="TestNG.Scenario2" time="0.007" errors="0" timestamp="2024-02-14T14:18:41 IST" skipped="0">
  <testcase classname="TestNG.Scenario2" name="search" time="0.003"/>
  <system-out/>
  <testcase classname="TestNG.Scenario2" name="addproduct" time="0.004"/>
  <system-out/>
</testsuite> <!-- TestNG.Scenario2 -->
