<?xml version="1.0" encoding="UTF-8"?>
<!-- Generated by org.testng.reporters.JUnitReportReporter -->
<testsuite hostname="vinod" failures="0" tests="1" name="TestNG.DataDriven_Testcase" time="9.028" errors="0" timestamp="2024-02-28T16:27:35 IST" skipped="0">
  <testcase classname="TestNG.DataDriven_Testcase" name="login" time="9.028"/>
  <system-out/>
</testsuite> <!-- TestNG.DataDriven_Testcase -->
