<?xml version="1.0" encoding="UTF-8"?>
<!-- Generated by org.testng.reporters.JUnitReportReporter -->
<testsuite hostname="vinod" failures="0" tests="1" name="TestNG.Task_DemoBlaze" time="6.621" errors="0" timestamp="2024-02-16T10:41:39 IST" skipped="0">
  <testcase classname="TestNG.Task_DemoBlaze" name="login" time="6.621"/>
  <system-out/>
</testsuite> <!-- TestNG.Task_DemoBlaze -->
