<?xml version="1.0" encoding="UTF-8"?>
<!-- Generated by org.testng.reporters.JUnitReportReporter -->
<testsuite hostname="vinod" failures="0" tests="2" name="TestNG.Grouping" time="0.019" errors="0" timestamp="2024-02-19T12:58:14 IST" skipped="0">
  <testcase classname="TestNG.Grouping" name="launch" time="0.015"/>
  <system-out/>
  <testcase classname="TestNG.Grouping" name="search" time="0.004"/>
  <system-out/>
</testsuite> <!-- TestNG.Grouping -->
