<?xml version="1.0" encoding="UTF-8"?>
<!-- Generated by org.testng.reporters.JUnitReportReporter -->
<testsuite hostname="vinod" failures="0" tests="1" name="TestNG.TestAssertions" time="0.029" errors="0" timestamp="2024-02-15T16:22:37 IST" skipped="0">
  <testcase classname="TestNG.TestAssertions" name="validations" time="0.029"/>
  <system-out/>
</testsuite> <!-- TestNG.TestAssertions -->
