<?xml version="1.0" encoding="UTF-8"?>
<!-- Generated by org.testng.reporters.JUnitReportReporter -->
<testsuite hostname="vinod" failures="0" tests="1" name="TestNG.Write_Excel" time="1.690" errors="0" timestamp="2024-02-28T15:45:59 IST" skipped="0">
  <testcase classname="TestNG.Write_Excel" name="excelwrite" time="1.690"/>
  <system-out/>
</testsuite> <!-- TestNG.Write_Excel -->
