<?xml version="1.0" encoding="UTF-8"?>
<!-- Generated by org.testng.reporters.JUnitReportReporter -->
<testsuite hostname="vinod" failures="0" tests="1" name="TestNG.Task_On_Grouping" time="10.051" errors="0" timestamp="2024-02-21T11:26:15 IST" skipped="0">
  <testcase classname="TestNG.Task_On_Grouping" name="smokeGroup" time="10.051"/>
  <system-out/>
</testsuite> <!-- TestNG.Task_On_Grouping -->
